<?xml version="1.0" encoding="UTF-8"?>
<testsuite name="com.builders.web.HelloServletTest" tests="1" skipped="0" failures="0" errors="0" timestamp="2022-02-21T08:31:39" hostname="DESKTOP-H6I97TM" time="0.015">
  <properties/>
  <testcase name="testHello" classname="com.builders.web.HelloServletTest" time="0.015"/>
  <system-out><![CDATA[]]></system-out>
  <system-err><![CDATA[]]></system-err>
</testsuite>
