<?xml version="1.0" encoding="UTF-8"?>
<testsuite name="com.builders.services.BuilderServiceTest" tests="1" skipped="0" failures="0" errors="0" timestamp="2022-02-21T08:31:34" hostname="DESKTOP-H6I97TM" time="0.017">
  <properties/>
  <testcase name="testHello" classname="com.builders.services.BuilderServiceTest" time="0.017"/>
  <system-out><![CDATA[]]></system-out>
  <system-err><![CDATA[]]></system-err>
</testsuite>
